  [1m[35m (477.6ms)[0m  [1m[35mCREATE DATABASE "tdd_app_development" ENCODING = 'unicode'[0m
  ↳ bin/rails:9
  [1m[35m (217.2ms)[0m  [1m[35mCREATE DATABASE "tdd_app_test" ENCODING = 'unicode'[0m
  ↳ bin/rails:9
  [1m[35m (0.3ms)[0m  [1m[35mCREATE DATABASE "tdd_app_development" ENCODING = 'unicode'[0m
  ↳ bin/rails:9
  [1m[35m (41.4ms)[0m  [1m[35mCREATE DATABASE "tdd_app_test" ENCODING = 'unicode'[0m
  ↳ bin/rails:9
  [1m[35m (128.7ms)[0m  [1m[35mCREATE TABLE "schema_migrations" ("version" character varying NOT NULL PRIMARY KEY)[0m
  ↳ bin/rails:9
  [1m[35m (4.2ms)[0m  [1m[35mCREATE TABLE "ar_internal_metadata" ("key" character varying NOT NULL PRIMARY KEY, "value" character varying, "created_at" timestamp NOT NULL, "updated_at" timestamp NOT NULL)[0m
  ↳ bin/rails:9
  [1m[35m (0.9ms)[0m  [1m[34mSELECT pg_try_advisory_lock(6044554049145564855)[0m
  ↳ bin/rails:9
  [1m[35m (0.5ms)[0m  [1m[34mSELECT "schema_migrations"."version" FROM "schema_migrations" ORDER BY "schema_migrations"."version" ASC[0m
  ↳ bin/rails:9
Migrating to CreateCustomers (20190827184244)
  [1m[35m (0.1ms)[0m  [1m[35mBEGIN[0m
  ↳ bin/rails:9
  [1m[35m (9.6ms)[0m  [1m[35mCREATE TABLE "customers" ("id" bigserial primary key, "name" character varying, "email" character varying, "smoker" character varying, "phone" character varying, "avatar" character varying, "created_at" timestamp NOT NULL, "updated_at" timestamp NOT NULL)[0m
  ↳ db/migrate/20190827184244_create_customers.rb:3
  [1m[36mActiveRecord::SchemaMigration Create (0.5ms)[0m  [1m[32mINSERT INTO "schema_migrations" ("version") VALUES ($1) RETURNING "version"[0m  [["version", "20190827184244"]]
  ↳ bin/rails:9
  [1m[35m (0.2ms)[0m  [1m[35mCOMMIT[0m
  ↳ bin/rails:9
  [1m[36mActiveRecord::InternalMetadata Load (0.6ms)[0m  [1m[34mSELECT  "ar_internal_metadata".* FROM "ar_internal_metadata" WHERE "ar_internal_metadata"."key" = $1 LIMIT $2[0m  [["key", "environment"], ["LIMIT", 1]]
  ↳ bin/rails:9
  [1m[35m (0.2ms)[0m  [1m[35mBEGIN[0m
  ↳ bin/rails:9
  [1m[36mActiveRecord::InternalMetadata Create (0.4ms)[0m  [1m[32mINSERT INTO "ar_internal_metadata" ("key", "value", "created_at", "updated_at") VALUES ($1, $2, $3, $4) RETURNING "key"[0m  [["key", "environment"], ["value", "development"], ["created_at", "2019-08-27 18:42:58.356520"], ["updated_at", "2019-08-27 18:42:58.356520"]]
  ↳ bin/rails:9
  [1m[35m (0.2ms)[0m  [1m[35mCOMMIT[0m
  ↳ bin/rails:9
  [1m[35m (0.2ms)[0m  [1m[34mSELECT pg_advisory_unlock(6044554049145564855)[0m
  ↳ bin/rails:9
  [1m[35m (0.3ms)[0m  [1m[34mSELECT "schema_migrations"."version" FROM "schema_migrations" ORDER BY "schema_migrations"."version" ASC[0m
  ↳ bin/rails:9
Started GET "/" for ::1 at 2019-08-27 16:59:22 -0300
  [1m[35m (0.3ms)[0m  [1m[34mSELECT "schema_migrations"."version" FROM "schema_migrations" ORDER BY "schema_migrations"."version" ASC[0m
  ↳ /home/caio/.rbenv/versions/2.6.3/lib/ruby/gems/2.6.0/gems/activerecord-5.2.3/lib/active_record/log_subscriber.rb:98
Processing by WelcomeController#index as HTML
  Rendering welcome/index.html.erb within layouts/application
  Rendered welcome/index.html.erb within layouts/application (0.7ms)
Completed 200 OK in 608ms (Views: 605.0ms | ActiveRecord: 0.0ms)


Started GET "/" for ::1 at 2019-08-27 16:59:23 -0300
Processing by WelcomeController#index as */*
  Rendering welcome/index.html.erb within layouts/application
  Rendered welcome/index.html.erb within layouts/application (0.5ms)
Completed 200 OK in 35ms (Views: 28.7ms | ActiveRecord: 0.0ms)


Started GET "/customers" for ::1 at 2019-08-27 16:59:27 -0300
Processing by CustomersController#index as HTML
Started GET "/" for ::1 at 2019-08-27 16:59:27 -0300
  Rendering customers/index.html.erb within layouts/application
  [1m[36mCustomer Load (4.6ms)[0m  [1m[34mSELECT "customers".* FROM "customers"[0m
  ↳ app/views/customers/index.html.erb:18
  Rendered customers/index.html.erb within layouts/application (13.5ms)
Processing by WelcomeController#index as */*
  Rendering welcome/index.html.erb within layouts/application
  Rendered welcome/index.html.erb within layouts/application (2.9ms)
Completed 200 OK in 92ms (Views: 77.3ms | ActiveRecord: 8.0ms)


Completed 200 OK in 164ms (Views: 159.9ms | ActiveRecord: 0.0ms)


Started GET "/" for ::1 at 2019-08-27 16:59:34 -0300
Processing by WelcomeController#index as */*
  Rendering welcome/index.html.erb within layouts/application
  Rendered welcome/index.html.erb within layouts/application (1.2ms)
Completed 200 OK in 25ms (Views: 21.9ms | ActiveRecord: 0.0ms)


Started GET "/customers" for ::1 at 2019-08-27 16:59:35 -0300
Processing by CustomersController#index as HTML
  Rendering customers/index.html.erb within layouts/application
  [1m[36mCustomer Load (1.3ms)[0m  [1m[34mSELECT "customers".* FROM "customers"[0m
  ↳ app/views/customers/index.html.erb:18
  Rendered customers/index.html.erb within layouts/application (6.1ms)
Started GET "/" for ::1 at 2019-08-27 16:59:35 -0300
Processing by WelcomeController#index as */*
  Rendering welcome/index.html.erb within layouts/application
  Rendered welcome/index.html.erb within layouts/application (0.7ms)
Completed 200 OK in 56ms (Views: 52.7ms | ActiveRecord: 1.3ms)


Completed 200 OK in 35ms (Views: 31.0ms | ActiveRecord: 0.0ms)


Started GET "/customers/new" for ::1 at 2019-08-27 16:59:37 -0300
Processing by CustomersController#new as HTML
Started GET "/" for ::1 at 2019-08-27 16:59:37 -0300
Processing by WelcomeController#index as */*
  Rendering welcome/index.html.erb within layouts/application
  Rendered welcome/index.html.erb within layouts/application (1.5ms)
Completed 200 OK in 29ms (Views: 25.8ms | ActiveRecord: 0.0ms)


  Rendering customers/new.html.erb within layouts/application
  Rendered customers/new.html.erb within layouts/application (159.6ms)
Completed 200 OK in 219ms (Views: 166.4ms | ActiveRecord: 44.5ms)


Started GET "/customers/new" for ::1 at 2019-08-27 17:00:03 -0300
Processing by CustomersController#new as HTML
  Rendering customers/new.html.erb within layouts/application
  Rendered customers/new.html.erb within layouts/application (7.9ms)
Completed 200 OK in 31ms (Views: 28.2ms | ActiveRecord: 0.0ms)


Started GET "/customers/new" for ::1 at 2019-08-27 17:00:03 -0300
Processing by CustomersController#new as */*
  Rendering customers/new.html.erb within layouts/application
  Rendered customers/new.html.erb within layouts/application (4.2ms)
Completed 200 OK in 21ms (Views: 19.3ms | ActiveRecord: 0.0ms)


Started GET "/customers/new" for ::1 at 2019-08-27 17:00:09 -0300
Processing by CustomersController#new as HTML
  Rendering customers/new.html.erb within layouts/application
  Rendered customers/new.html.erb within layouts/application (6.2ms)
Completed 200 OK in 70ms (Views: 67.6ms | ActiveRecord: 0.0ms)


Started GET "/customers/new" for ::1 at 2019-08-27 17:00:09 -0300
Processing by CustomersController#new as */*
  Rendering customers/new.html.erb within layouts/application
  Rendered customers/new.html.erb within layouts/application (1.9ms)
Completed 200 OK in 25ms (Views: 20.5ms | ActiveRecord: 0.0ms)


Started GET "/customers/new" for ::1 at 2019-08-27 17:00:16 -0300
Processing by CustomersController#new as HTML
  Rendering customers/new.html.erb within layouts/application
  Rendered customers/new.html.erb within layouts/application (5.6ms)
Completed 200 OK in 38ms (Views: 36.0ms | ActiveRecord: 0.0ms)


Started GET "/customers/new" for ::1 at 2019-08-27 17:00:16 -0300
Processing by CustomersController#new as */*
  Rendering customers/new.html.erb within layouts/application
  Rendered customers/new.html.erb within layouts/application (5.6ms)
Completed 200 OK in 26ms (Views: 23.4ms | ActiveRecord: 0.0ms)


Started GET "/customers/new" for ::1 at 2019-08-27 17:00:33 -0300
Processing by CustomersController#new as HTML
  Rendering customers/new.html.erb within layouts/application
  Rendered customers/new.html.erb within layouts/application (8.2ms)
Completed 200 OK in 38ms (Views: 35.0ms | ActiveRecord: 0.0ms)


Started GET "/customers/new" for ::1 at 2019-08-27 17:00:33 -0300
Processing by CustomersController#new as */*
  Rendering customers/new.html.erb within layouts/application
  Rendered customers/new.html.erb within layouts/application (8.2ms)
Completed 200 OK in 37ms (Views: 34.5ms | ActiveRecord: 0.0ms)


Started POST "/customers" for ::1 at 2019-08-27 17:00:43 -0300
Processing by CustomersController#create as HTML
  Parameters: {"utf8"=>"✓", "authenticity_token"=>"vtiJPxChV5duVEm9GHdmgqC0Ph+8CrNZxOC/k6NqoSykNagmAO0tdT4usfZ01okagVJxqBwFKxByFQrKD8LF9g==", "customer"=>{"name"=>"Caio", "email"=>"teste@teste", "phone"=>"123", "smoker"=>"S"}, "commit"=>"Criar cliente"}
  [1m[35m (0.4ms)[0m  [1m[35mBEGIN[0m
  ↳ app/controllers/customers_controller.rb:18
  [1m[36mCustomer Create (37.3ms)[0m  [1m[32mINSERT INTO "customers" ("name", "email", "smoker", "phone", "created_at", "updated_at") VALUES ($1, $2, $3, $4, $5, $6) RETURNING "id"[0m  [["name", "Caio"], ["email", "teste@teste"], ["smoker", "S"], ["phone", "123"], ["created_at", "2019-08-27 20:00:43.858475"], ["updated_at", "2019-08-27 20:00:43.858475"]]
  ↳ app/controllers/customers_controller.rb:18
  [1m[35m (0.2ms)[0m  [1m[35mCOMMIT[0m
  ↳ app/controllers/customers_controller.rb:18
Redirected to http://localhost:3000/customers
Completed 302 Found in 43ms (ActiveRecord: 38.0ms)


Started GET "/customers" for ::1 at 2019-08-27 17:00:43 -0300
Processing by CustomersController#index as HTML
  Rendering customers/index.html.erb within layouts/application
  [1m[36mCustomer Load (0.3ms)[0m  [1m[34mSELECT "customers".* FROM "customers"[0m
  ↳ app/views/customers/index.html.erb:18
  Rendered customers/index.html.erb within layouts/application (1.7ms)
Completed 200 OK in 12ms (Views: 10.3ms | ActiveRecord: 0.3ms)


Started GET "/customers" for ::1 at 2019-08-27 17:00:44 -0300
Processing by CustomersController#index as */*
  Rendering customers/index.html.erb within layouts/application
  [1m[36mCustomer Load (1.2ms)[0m  [1m[34mSELECT "customers".* FROM "customers"[0m
  ↳ app/views/customers/index.html.erb:18
  Rendered customers/index.html.erb within layouts/application (3.8ms)
Completed 200 OK in 22ms (Views: 18.7ms | ActiveRecord: 1.2ms)


Started GET "/customers/new" for ::1 at 2019-08-27 17:00:45 -0300
Processing by CustomersController#new as HTML
Started GET "/customers" for ::1 at 2019-08-27 17:00:45 -0300
  Rendering customers/new.html.erb within layouts/application
  Rendered customers/new.html.erb within layouts/application (5.2ms)
Processing by CustomersController#index as */*
  Rendering customers/index.html.erb within layouts/application
  [1m[36mCustomer Load (1.1ms)[0m  [1m[34mSELECT "customers".* FROM "customers"[0m
  ↳ app/views/customers/index.html.erb:18
  Rendered customers/index.html.erb within layouts/application (2.7ms)
Completed 200 OK in 41ms (Views: 38.9ms | ActiveRecord: 0.0ms)


Completed 200 OK in 31ms (Views: 26.5ms | ActiveRecord: 1.1ms)


Started POST "/customers" for ::1 at 2019-08-27 17:00:59 -0300
Processing by CustomersController#create as HTML
  Parameters: {"utf8"=>"✓", "authenticity_token"=>"+bvSGngh6V0g/b6u9ejh87YJn5vkaziRyxpg10A3R9m/2w5F2xIFLYdqET6bcFww3djAQhDFj6uSwAn99hJ9iQ==", "customer"=>{"name"=>"Sabatiny", "email"=>"teste@gmail.com", "phone"=>"345", "smoker"=>"S"}, "commit"=>"Criar cliente"}
  [1m[35m (0.9ms)[0m  [1m[35mBEGIN[0m
  ↳ app/controllers/customers_controller.rb:18
  [1m[36mCustomer Create (0.8ms)[0m  [1m[32mINSERT INTO "customers" ("name", "email", "smoker", "phone", "created_at", "updated_at") VALUES ($1, $2, $3, $4, $5, $6) RETURNING "id"[0m  [["name", "Sabatiny"], ["email", "teste@gmail.com"], ["smoker", "S"], ["phone", "345"], ["created_at", "2019-08-27 20:00:59.956180"], ["updated_at", "2019-08-27 20:00:59.956180"]]
  ↳ app/controllers/customers_controller.rb:18
  [1m[35m (0.3ms)[0m  [1m[35mCOMMIT[0m
  ↳ app/controllers/customers_controller.rb:18
Redirected to http://localhost:3000/customers
Completed 302 Found in 9ms (ActiveRecord: 2.0ms)


Started GET "/customers" for ::1 at 2019-08-27 17:00:59 -0300
Processing by CustomersController#index as HTML
  Rendering customers/index.html.erb within layouts/application
  [1m[36mCustomer Load (0.5ms)[0m  [1m[34mSELECT "customers".* FROM "customers"[0m
  ↳ app/views/customers/index.html.erb:18
  Rendered customers/index.html.erb within layouts/application (1.9ms)
Completed 200 OK in 23ms (Views: 21.3ms | ActiveRecord: 0.5ms)


Started GET "/customers" for ::1 at 2019-08-27 17:01:00 -0300
Processing by CustomersController#index as */*
  Rendering customers/index.html.erb within layouts/application
  [1m[36mCustomer Load (1.0ms)[0m  [1m[34mSELECT "customers".* FROM "customers"[0m
  ↳ app/views/customers/index.html.erb:18
  Rendered customers/index.html.erb within layouts/application (5.2ms)
Completed 200 OK in 41ms (Views: 34.8ms | ActiveRecord: 1.0ms)


Started GET "/customers" for ::1 at 2019-08-27 17:01:53 -0300
Processing by CustomersController#index as HTML
  Rendering customers/index.html.erb within layouts/application
  [1m[36mCustomer Load (0.5ms)[0m  [1m[34mSELECT "customers".* FROM "customers"[0m
  ↳ app/views/customers/index.html.erb:20
  Rendered customers/index.html.erb within layouts/application (2.1ms)
Completed 200 OK in 21ms (Views: 19.5ms | ActiveRecord: 0.5ms)


Started GET "/customers" for ::1 at 2019-08-27 17:01:53 -0300
Processing by CustomersController#index as */*
  Rendering customers/index.html.erb within layouts/application
  [1m[36mCustomer Load (1.6ms)[0m  [1m[34mSELECT "customers".* FROM "customers"[0m
  ↳ app/views/customers/index.html.erb:20
  Rendered customers/index.html.erb within layouts/application (4.8ms)
Completed 200 OK in 30ms (Views: 26.3ms | ActiveRecord: 1.6ms)


Started GET "/" for ::1 at 2019-08-28 08:58:14 -0300
  [1m[35m (4.0ms)[0m  [1m[34mSELECT "schema_migrations"."version" FROM "schema_migrations" ORDER BY "schema_migrations"."version" ASC[0m
  ↳ /home/caio/.rbenv/versions/2.6.3/lib/ruby/gems/2.6.0/gems/activerecord-5.2.3/lib/active_record/log_subscriber.rb:98
Processing by WelcomeController#index as HTML
  Rendering welcome/index.html.erb within layouts/application
  Rendered welcome/index.html.erb within layouts/application (2.2ms)
Completed 200 OK in 709ms (Views: 566.4ms | ActiveRecord: 0.0ms)


Started GET "/" for ::1 at 2019-08-28 08:58:15 -0300
Processing by WelcomeController#index as */*
  Rendering welcome/index.html.erb within layouts/application
  Rendered welcome/index.html.erb within layouts/application (1.4ms)
Completed 200 OK in 18ms (Views: 15.9ms | ActiveRecord: 0.0ms)


Started GET "/customers" for ::1 at 2019-08-28 08:58:16 -0300
Processing by CustomersController#index as HTML
Started GET "/" for ::1 at 2019-08-28 08:58:16 -0300
  Rendering customers/index.html.erb within layouts/application
  [1m[36mCustomer Load (0.9ms)[0m  [1m[34mSELECT "customers".* FROM "customers"[0m
  ↳ app/views/customers/index.html.erb:20
Processing by WelcomeController#index as */*
  Rendering welcome/index.html.erb within layouts/application
  Rendered welcome/index.html.erb within layouts/application (1.2ms)
Completed 200 OK in 20ms (Views: 17.0ms | ActiveRecord: 0.0ms)


  Rendered customers/index.html.erb within layouts/application (81.2ms)
Completed 200 OK in 119ms (Views: 25.8ms | ActiveRecord: 69.9ms)


